<?xml version="1.0" encoding="UTF-8"?>
<testng-results ignored="0" total="2" passed="2" failed="0" skipped="0">
  <reporter-output>
  </reporter-output>
  <suite started-at="2020-12-22T23:56:17 IST" name="Suite" finished-at="2020-12-22T23:56:57 IST" duration-ms="39851">
    <groups>
      <group name="cucumber">
        <method signature="AbstractTestNGCucumberTests.runScenario(io.cucumber.testng.PickleWrapper, io.cucumber.testng.FeatureWrapper)[pri:0, instance:runner.TestRunner@67a20f67]" name="runScenario" class="io.cucumber.testng.AbstractTestNGCucumberTests"/>
      </group> <!-- cucumber -->
    </groups>
    <test started-at="2020-12-22T23:56:17 IST" name="Test" finished-at="2020-12-22T23:56:57 IST" duration-ms="39851">
      <class name="runner.TestRunner">
        <test-method is-config="true" signature="setUpClass()[pri:0, instance:runner.TestRunner@67a20f67]" started-at="2020-12-22T23:56:17 IST" name="setUpClass" finished-at="2020-12-22T23:56:18 IST" duration-ms="833" status="PASS">
          <reporter-output>
          </reporter-output>
        </test-method> <!-- setUpClass -->
        <test-method signature="runScenario(io.cucumber.testng.PickleWrapper, io.cucumber.testng.FeatureWrapper)[pri:0, instance:runner.TestRunner@67a20f67]" started-at="2020-12-22T23:56:18 IST" name="runScenario" description="Runs Cucumber Scenarios" data-provider="scenarios" finished-at="2020-12-22T23:56:42 IST" duration-ms="23775" status="PASS">
          <params>
            <param index="0">
              <value>
                <![CDATA["verify if Source Selection1 is working"]]>
              </value>
            </param>
            <param index="1">
              <value>
                <![CDATA["Optional[testing Important features1]"]]>
              </value>
            </param>
          </params>
          <reporter-output>
          </reporter-output>
        </test-method> <!-- runScenario -->
        <test-method signature="runScenario(io.cucumber.testng.PickleWrapper, io.cucumber.testng.FeatureWrapper)[pri:0, instance:runner.TestRunner@67a20f67]" started-at="2020-12-22T23:56:18 IST" name="runScenario" description="Runs Cucumber Scenarios" data-provider="scenarios" finished-at="2020-12-22T23:56:43 IST" duration-ms="24379" status="PASS">
          <params>
            <param index="0">
              <value>
                <![CDATA["verify if Source Selection is working"]]>
              </value>
            </param>
            <param index="1">
              <value>
                <![CDATA["Optional[testing Important features]"]]>
              </value>
            </param>
          </params>
          <reporter-output>
          </reporter-output>
        </test-method> <!-- runScenario -->
        <test-method is-config="true" signature="tearDownClass()[pri:0, instance:runner.TestRunner@67a20f67]" started-at="2020-12-22T23:56:43 IST" name="tearDownClass" finished-at="2020-12-22T23:56:57 IST" duration-ms="14530" status="PASS">
          <reporter-output>
          </reporter-output>
        </test-method> <!-- tearDownClass -->
      </class> <!-- runner.TestRunner -->
    </test> <!-- Test -->
  </suite> <!-- Suite -->
</testng-results>
